<?xml version="1.0" encoding="UTF-8"?>
<testsuite xmlns:xsi="http://www.w3.org/2001/XMLSchema-instance" xsi:schemaLocation="https://maven.apache.org/surefire/maven-surefire-plugin/xsd/surefire-test-report.xsd" name="RunCucumberIT" time="4.555" tests="9" errors="0" skipped="0" failures="0">
  <properties>
[...]
</properties>
  <testcase name="Given I set variable A as &quot;100&quot;" classname="Scenario: Check sum" time="0.001"/>
  <testcase name="And I set variable B as &quot;23&quot;" classname="Scenario: Check sum" time="0"/>
  <testcase name="When I perform A plus B" classname="Scenario: Check sum" time="0"/>
  <testcase name="Then result value should be &quot;123&quot;" classname="Scenario: Check sum" time="0"/>
  <testcase name="Scenario: Check sum" classname="Scenario: Check sum" time="0.109"/>
  <testcase name="Given batch file &quot;&quot; has been setup for testing data" classname="Scenario: Check the Counts for Company, ConfReport and Corp Public in Count_Test_Suite01,Count_Test_Suite02 test suites" time="0"/>
  <testcase name="When the batch files runs in the environment" classname="Scenario: Check the Counts for Company, ConfReport and Corp Public in Count_Test_Suite01,Count_Test_Suite02 test suites" time="0"/>
  <testcase name="Then it should be successful" classname="Scenario: Check the Counts for Company, ConfReport and Corp Public in Count_Test_Suite01,Count_Test_Suite02 test suites" time="0"/>
  <testcase name="Scenario: Check the Counts for Company, ConfReport and Corp Public in Count_Test_Suite01,Count_Test_Suite02 test suites" classname="Scenario: Check the Counts for Company, ConfReport and Corp Public in Count_Test_Suite01,Count_Test_Suite02 test suites" time="0"/>
</testsuite>